[debug] [2024-02-21T06:56:21.602Z] ----------------------------------------------------------------------
[debug] [2024-02-21T06:56:21.605Z] Command:       C:\Program Files\nodejs\node.exe C:\Users\Langa Madubela\AppData\Roaming\npm\node_modules\firebase-tools\lib\bin\firebase.js init
[debug] [2024-02-21T06:56:21.606Z] CLI Version:   13.3.0
[debug] [2024-02-21T06:56:21.606Z] Platform:      win32
[debug] [2024-02-21T06:56:21.606Z] Node Version:  v20.11.0
[debug] [2024-02-21T06:56:21.606Z] Time:          Wed Feb 21 2024 08:56:21 GMT+0200 (South Africa Standard Time)
[debug] [2024-02-21T06:56:21.607Z] ----------------------------------------------------------------------
[debug] 
[debug] [2024-02-21T06:56:21.613Z] > command requires scopes: ["email","openid","https://www.googleapis.com/auth/cloudplatformprojects.readonly","https://www.googleapis.com/auth/firebase","https://www.googleapis.com/auth/cloud-platform"]
[debug] [2024-02-21T06:56:21.614Z] > authorizing via signed-in user (madubelalanga30@gmail.com)
[info] 
     ######## #### ########  ######## ########     ###     ######  ########
     ##        ##  ##     ## ##       ##     ##  ##   ##  ##       ##
     ######    ##  ########  ######   ########  #########  ######  ######
     ##        ##  ##    ##  ##       ##     ## ##     ##       ## ##
     ##       #### ##     ## ######## ########  ##     ##  ######  ########

You're about to initialize a Firebase project in this directory:

  C:\Users\Langa Madubela\Desktop\react portifolio\my-react-app

[info] 
=== Project Setup
[info] 
[info] First, let's associate this project directory with a Firebase project.
[info] You can create multiple project aliases by running firebase use --add, 
[info] but for now we'll just set up a default project.
[info] 
[info] i  If you want to create a project in a Google Cloud organization or folder, please use "firebase projects:create" instead, and return to this command when you've created the project. 
[debug] [2024-02-21T06:58:21.874Z] >>> [apiv2][query] POST https://cloudresourcemanager.googleapis.com/v1/projects [none]
[debug] [2024-02-21T06:58:21.875Z] >>> [apiv2][body] POST https://cloudresourcemanager.googleapis.com/v1/projects {"projectId":"Portfolio","name":"Langa Madubela Portfolio"}
[debug] [2024-02-21T06:58:24.167Z] <<< [apiv2][status] POST https://cloudresourcemanager.googleapis.com/v1/projects 400
[debug] [2024-02-21T06:58:24.168Z] <<< [apiv2][body] POST https://cloudresourcemanager.googleapis.com/v1/projects {"error":{"code":400,"message":"field [project_id] has issue [project_id contains invalid characters]","status":"INVALID_ARGUMENT","details":[{"@type":"type.googleapis.com/google.rpc.BadRequest","fieldViolations":[{"field":"project_id","description":"project_id contains invalid characters"}]},{"@type":"type.googleapis.com/google.rpc.Help","links":[{"url":"https://cloud.google.com/resource-manager/reference/rest/v1/projects"}]}]}}
[debug] [2024-02-21T06:58:24.678Z] FirebaseError: HTTP Error: 400, field [project_id] has issue [project_id contains invalid characters]
    at responseToError (C:\Users\Langa Madubela\AppData\Roaming\npm\node_modules\firebase-tools\lib\responseToError.js:49:12)
    at RetryOperation._fn (C:\Users\Langa Madubela\AppData\Roaming\npm\node_modules\firebase-tools\lib\apiv2.js:292:77)
    at process.processTicksAndRejections (node:internal/process/task_queues:95:5)
[error] 
[error] Error: Failed to create project. See firebase-debug.log for more info.
